This is pdfTeX, Version 3.1415926-1.40.11 (TeX Live 2010) (format=latex 2010.7.21)  23 SEP 2013 20:18
entering extended mode
 restricted \write18 enabled.
 %&-line parsing enabled.
**thesis_tjp.tex
(./thesis_tjp.tex
LaTeX2e <2009/09/24>
Babel <v3.8l> and hyphenation patterns for english, dumylang, nohyphenation, ge
rman-x-2009-06-19, ngerman-x-2009-06-19, ancientgreek, ibycus, arabic, armenian
, basque, bulgarian, catalan, pinyin, coptic, croatian, czech, danish, dutch, u
kenglish, usenglishmax, esperanto, estonian, farsi, finnish, french, galician, 
german, ngerman, swissgerman, monogreek, greek, hungarian, icelandic, assamese,
 bengali, gujarati, hindi, kannada, malayalam, marathi, oriya, panjabi, tamil, 
telugu, indonesian, interlingua, irish, italian, kurmanji, lao, latin, latvian,
 lithuanian, mongolian, mongolianlmc, bokmal, nynorsk, polish, portuguese, roma
nian, russian, sanskrit, serbian, slovak, slovenian, spanish, swedish, turkish,
 turkmen, ukrainian, uppersorbian, welsh, loaded.
(./macthesis.cls
Document Class: macthesis 2005/05/24 v2.3.0 macthesis class
(/usr/local/texlive/2010/texmf-dist/tex/latex/base/ifthen.sty
Package: ifthen 2001/05/26 v1.1c Standard LaTeX ifthen package (DPC)
)

Package macthesis Warning: Unknown option `twoside'. Ignoring on input line 64.



Package macthesis Warning: Unknown option `letterpaper'. Ignoring on input line
 64.

(/usr/local/texlive/2010/texmf-dist/tex/latex/base/book.cls
Document Class: book 2007/10/19 v1.4h Standard LaTeX document class
(/usr/local/texlive/2010/texmf-dist/tex/latex/base/bk12.clo
File: bk12.clo 2007/10/19 v1.4h Standard LaTeX file (size option)
)
\c@part=\count79
\c@chapter=\count80
\c@section=\count81
\c@subsection=\count82
\c@subsubsection=\count83
\c@paragraph=\count84
\c@subparagraph=\count85
\c@figure=\count86
\c@table=\count87
\abovecaptionskip=\skip41
\belowcaptionskip=\skip42
\bibindent=\dimen102
)
(/usr/local/texlive/2010/texmf-dist/tex/latex/tools/calc.sty
Package: calc 2007/08/22 v4.3 Infix arithmetic (KKT,FJ)
\calc@Acount=\count88
\calc@Bcount=\count89
\calc@Adimen=\dimen103
\calc@Bdimen=\dimen104
\calc@Askip=\skip43
\calc@Bskip=\skip44
LaTeX Info: Redefining \setlength on input line 76.
LaTeX Info: Redefining \addtolength on input line 77.
\calc@Ccount=\count90
\calc@Cskip=\skip45
) (./setspace.sty)
(/usr/local/texlive/2010/texmf-dist/tex/latex/tocloft/tocloft.sty
Package: tocloft 2009/09/04 v2.3d parameterised ToC, etc., typesetting


Package tocloft Note: The document has chapter divisions.

\cftparskip=\skip46
\cftbeforetoctitleskip=\skip47
\cftaftertoctitleskip=\skip48
\cftbeforepartskip=\skip49
\cftpartnumwidth=\skip50
\cftpartindent=\skip51
\cftbeforechapskip=\skip52
\cftchapindent=\skip53
\cftchapnumwidth=\skip54
\cftbeforesecskip=\skip55
\cftsecindent=\skip56
\cftsecnumwidth=\skip57
\cftbeforesubsecskip=\skip58
\cftsubsecindent=\skip59
\cftsubsecnumwidth=\skip60
\cftbeforesubsubsecskip=\skip61
\cftsubsubsecindent=\skip62
\cftsubsubsecnumwidth=\skip63
\cftbeforeparaskip=\skip64
\cftparaindent=\skip65
\cftparanumwidth=\skip66
\cftbeforesubparaskip=\skip67
\cftsubparaindent=\skip68
\cftsubparanumwidth=\skip69
\cftbeforeloftitleskip=\skip70
\cftafterloftitleskip=\skip71
\cftbeforefigskip=\skip72
\cftfigindent=\skip73
\cftfignumwidth=\skip74
\c@lofdepth=\count91
\c@lotdepth=\count92
\cftbeforelottitleskip=\skip75
\cftafterlottitleskip=\skip76
\cftbeforetabskip=\skip77
\cfttabindent=\skip78
\cfttabnumwidth=\skip79
) (./fancyhdr.sty
\fancy@headwidth=\skip80
\f@ncyO@elh=\skip81
\f@ncyO@erh=\skip82
\f@ncyO@olh=\skip83
\f@ncyO@orh=\skip84
\f@ncyO@elf=\skip85
\f@ncyO@erf=\skip86
\f@ncyO@olf=\skip87
\f@ncyO@orf=\skip88
)
\mylength=\skip89
\tempbox=\box26
\mac@sigoptionskip=\skip90
\mac@sigafteroptionskip=\skip91
\mac@intersigspace=\skip92
) (./deluxetable.sty
Package: deluxetable 
\pt@box=\box27
\pt@width=\dimen105
\pt@line=\count93
\pt@column=\count94
\pt@nlines=\count95
\pt@ncol=\count96
\pt@page=\count97
\pt@tmpcapwidth=\dimen106
) (./natbib.sty
Package: natbib 2003/06/06 7.1 (PWD)
\bibhang=\skip93
\bibsep=\skip94
LaTeX Info: Redefining \cite on input line 518.
\c@NAT@ctr=\count98
) (./aastex_hack.sty)
(/usr/local/texlive/2010/texmf-dist/tex/latex/rotating/rotating.sty
Package: rotating 2009/03/28 v2.16a rotated objects in LaTeX

(/usr/local/texlive/2010/texmf-dist/tex/latex/graphics/graphicx.sty
Package: graphicx 1999/02/16 v1.0f Enhanced LaTeX Graphics (DPC,SPQR)

(/usr/local/texlive/2010/texmf-dist/tex/latex/graphics/keyval.sty
Package: keyval 1999/03/16 v1.13 key=value parser (DPC)
\KV@toks@=\toks14
)
(/usr/local/texlive/2010/texmf-dist/tex/latex/graphics/graphics.sty
Package: graphics 2009/02/05 v1.0o Standard LaTeX Graphics (DPC,SPQR)

(/usr/local/texlive/2010/texmf-dist/tex/latex/graphics/trig.sty
Package: trig 1999/03/16 v1.09 sin cos tan (DPC)
)
(/usr/local/texlive/2010/texmf-dist/tex/latex/latexconfig/graphics.cfg
File: graphics.cfg 2010/04/23 v1.9 graphics configuration of TeX Live
)
Package graphics Info: Driver file: dvips.def on input line 91.

(/usr/local/texlive/2010/texmf-dist/tex/latex/graphics/dvips.def
File: dvips.def 1999/02/16 v3.0i Driver-dependant file (DPC,SPQR)
))
\Gin@req@height=\dimen107
\Gin@req@width=\dimen108
)
\c@r@tfl@t=\count99
\rotFPtop=\skip95
\rotFPbot=\skip96
\rot@float@box=\box28
\rot@mess@toks=\toks15
)
(/usr/local/texlive/2010/texmf-dist/tex/latex/graphics/lscape.sty
Package: lscape 2000/10/22 v3.01 Landscape Pages (DPC)
)
(/usr/local/texlive/2010/texmf-dist/tex/latex/amsfonts/amsfonts.sty
Package: amsfonts 2009/06/22 v3.00 Basic AMSFonts support
\@emptytoks=\toks16
\symAMSa=\mathgroup4
\symAMSb=\mathgroup5
LaTeX Font Info:    Overwriting math alphabet `\mathfrak' in version `bold'
(Font)                  U/euf/m/n --> U/euf/b/n on input line 96.
)
(/usr/local/texlive/2010/texmf-dist/tex/latex/amsmath/amsmath.sty
Package: amsmath 2000/07/18 v2.13 AMS math features
\@mathmargin=\skip97

For additional information on amsmath, use the `?' option.
(/usr/local/texlive/2010/texmf-dist/tex/latex/amsmath/amstext.sty
Package: amstext 2000/06/29 v2.01

(/usr/local/texlive/2010/texmf-dist/tex/latex/amsmath/amsgen.sty
File: amsgen.sty 1999/11/30 v2.0
\@emptytoks=\toks17
\ex@=\dimen109
))
(/usr/local/texlive/2010/texmf-dist/tex/latex/amsmath/amsbsy.sty
Package: amsbsy 1999/11/29 v1.2d
\pmbraise@=\dimen110
)
(/usr/local/texlive/2010/texmf-dist/tex/latex/amsmath/amsopn.sty
Package: amsopn 1999/12/14 v2.01 operator names
)
\inf@bad=\count100
LaTeX Info: Redefining \frac on input line 211.
\uproot@=\count101
\leftroot@=\count102
LaTeX Info: Redefining \overline on input line 307.
\classnum@=\count103
\DOTSCASE@=\count104
LaTeX Info: Redefining \ldots on input line 379.
LaTeX Info: Redefining \dots on input line 382.
LaTeX Info: Redefining \cdots on input line 467.
\Mathstrutbox@=\box29
\strutbox@=\box30
\big@size=\dimen111
LaTeX Font Info:    Redeclaring font encoding OML on input line 567.
LaTeX Font Info:    Redeclaring font encoding OMS on input line 568.
\macc@depth=\count105
\c@MaxMatrixCols=\count106
\dotsspace@=\muskip10
\c@parentequation=\count107
\dspbrk@lvl=\count108
\tag@help=\toks18
\row@=\count109
\column@=\count110
\maxfields@=\count111
\andhelp@=\toks19
\eqnshift@=\dimen112
\alignsep@=\dimen113
\tagshift@=\dimen114
\tagwidth@=\dimen115
\totwidth@=\dimen116
\lineht@=\dimen117
\@envbody=\toks20
\multlinegap=\skip98
\multlinetaggap=\skip99
\mathdisplay@stack=\toks21
LaTeX Info: Redefining \[ on input line 2666.
LaTeX Info: Redefining \] on input line 2667.
)
(/usr/local/texlive/2010/texmf-dist/tex/latex/amsfonts/amssymb.sty
Package: amssymb 2009/06/22 v3.00
)
(/usr/local/texlive/2010/texmf-dist/tex/latex/amscls/amsthm.sty
Package: amsthm 2004/08/06 v2.20
\thm@style=\toks22
\thm@bodyfont=\toks23
\thm@headfont=\toks24
\thm@notefont=\toks25
\thm@headpunct=\toks26
\thm@preskip=\skip100
\thm@postskip=\skip101
\thm@headsep=\skip102
\dth@everypar=\toks27
)
(/usr/local/texlive/2010/texmf-dist/tex/latex/base/exscale.sty
Package: exscale 2007/10/29 v2.1h Standard LaTeX package exscale
LaTeX Font Info:    Redeclaring symbol font `largesymbols' on input line 52.
LaTeX Font Info:    Overwriting symbol font `largesymbols' in version `normal'
(Font)                  OMX/cmex/m/n --> OMX/cmex/m/n on input line 52.
LaTeX Font Info:    Overwriting symbol font `largesymbols' in version `bold'
(Font)                  OMX/cmex/m/n --> OMX/cmex/m/n on input line 52.
\big@size=\dimen118
)
(/usr/local/texlive/2010/texmf-dist/tex/latex/amsfonts/eucal.sty
Package: eucal 2009/06/22 v3.00 Euler Script fonts
LaTeX Font Info:    Overwriting math alphabet `\EuScript' in version `bold'
(Font)                  U/eus/m/n --> U/eus/b/n on input line 33.
)
(/usr/local/texlive/2010/texmf-dist/tex/latex/tools/bm.sty
Package: bm 2004/02/26 v1.1c Bold Symbol Support (DPC/FMi)
\symboldoperators=\mathgroup6
\symboldletters=\mathgroup7
\symboldsymbols=\mathgroup8
LaTeX Font Info:    Redeclaring math alphabet \mathbf on input line 138.
LaTeX Info: Redefining \bm on input line 204.
) (./eqlist.sty
eqlist.sty by M. Vaeth: Revision 1.2
Package: eqlist 2001/08/17 v1.2
(./eqparbox.sty
Package: eqparbox 2001/04/19 v1.00 Equal-widthed parboxes (SDP)
\eqp@tempdima=\skip103
\eqp@tempdimb=\skip104
\eqp@tempdimc=\skip105
)
\eql@cnt=\count112
) (./epigraph.sty
Package: epigraph 2009/09/02 v1.5c typesetting epigraphs
\beforeepigraphskip=\skip106
\afterepigraphskip=\skip107
\epigraphwidth=\skip108
\epigraphrule=\skip109
)
(/usr/local/texlive/2010/texmf-dist/tex/latex/lettrine/lettrine.sty
File: lettrine.sty 2007/08/08 v1.62 (Daniel Flipo)
\c@DefaultLines=\count113
\DefaultFindent=\dimen119
\DefaultNindent=\dimen120
\DefaultSlope=\dimen121
\L@lbox=\box31
\L@tbox=\box32
\c@L@lines=\count114
\L@Pindent=\dimen122
\L@Findent=\dimen123
\L@Nindent=\dimen124
\L@lraise=\dimen125
\L@first=\dimen126
\L@next=\dimen127
\L@slope=\dimen128
\L@height=\dimen129
\LettrineWidth=\dimen130

Loading lettrine.cfg
(/usr/local/texlive/2010/texmf-dist/tex/latex/lettrine/lettrine.cfg))
(/usr/local/texlive/2010/texmf-dist/tex/latex/graphics/color.sty
Package: color 2005/11/14 v1.0j Standard LaTeX Color (DPC)

(/usr/local/texlive/2010/texmf-dist/tex/latex/latexconfig/color.cfg
File: color.cfg 2007/01/18 v1.5 color configuration of teTeX/TeXLive
)
Package color Info: Driver file: dvips.def on input line 130.

(/usr/local/texlive/2010/texmf-dist/tex/latex/graphics/dvipsnam.def
File: dvipsnam.def 1999/02/16 v3.0i Driver-dependant file (DPC,SPQR)
))
(/usr/local/texlive/2010/texmf-dist/tex/latex/psnfss/times.sty
Package: times 2005/04/12 PSNFSS-v9.2a (SPQR) 
)
(/usr/local/texlive/2010/texmf-dist/tex/latex/acronym/acronym.sty
Package: acronym 2009/10/20 v1.35 Support for acronyms (Tobias Oetiker)

(/usr/local/texlive/2010/texmf-dist/tex/latex/bigfoot/suffix.sty
Package: suffix 2006/07/15 1.5 Variant command support
)
\AC@clearlist=\toks28
)
(/usr/local/texlive/2010/texmf-dist/tex/latex/subfig/subfig.sty
Package: subfig 2005/06/28 ver: 1.3 subfig package

(/usr/local/texlive/2010/texmf-dist/tex/latex/caption/caption.sty
Package: caption 2010/01/09 v3.1m Customizing captions (AR)

(/usr/local/texlive/2010/texmf-dist/tex/latex/caption/caption3.sty
Package: caption3 2010/01/14 v3.1m caption3 kernel (AR)
\captionmargin=\dimen131
\captionmargin@=\dimen132
\captionwidth=\dimen133
\caption@indent=\dimen134
\caption@parindent=\dimen135
\caption@hangindent=\dimen136
Package caption Info: Unknown document class (or package),
(caption)             standard defaults will be used on input line 1084.
)

Package caption Warning: Unsupported document class (or package) detected,
(caption)                usage of the caption package is not recommended.
See the caption package documentation for explanation.

Package caption Info: \@makecaption = \long macro:#1#2->\vskip 2ex\noindent #1\
 #2\par .
\c@ContinuedFloat=\count115
Package caption Info: rotating package is loaded.
)
\c@KVtest=\count116
\sf@farskip=\skip110
\sf@captopadj=\dimen137
\sf@capskip=\skip111
\sf@nearskip=\skip112
\c@subfigure=\count117
\c@subfigure@save=\count118
\c@subtable=\count119
\c@subtable@save=\count120
\sf@top=\skip113
\sf@bottom=\skip114
) (/usr/local/texlive/2010/texmf-dist/tex/latex/multirow/multirow.sty
\bigstrutjot=\dimen138
)
(./fncychap.sty
Package: fncychap 2004/09/20 v1.3 LaTeX package (Revised chapters)
\RW=\skip115
\mylen=\skip116
\myhi=\skip117
\px=\skip118
\py=\skip119
\pyy=\skip120
\pxx=\skip121
) (./thesis_tjp.aux (./Ch1/ch1.aux) (./Ch2/ch2.aux

Package natbib Warning: Citation `1998ApJ...499..670B' multiply defined.


Package natbib Warning: Citation `1998ApJ...507..615D' multiply defined.


Package natbib Warning: Citation `2003ARA&A..41..241D' multiply defined.


Package natbib Warning: Citation `2007ApJ...663..866D' multiply defined.


Package natbib Warning: Citation `1990ApJ...363..451E' multiply defined.


Package natbib Warning: Citation `2010A&A...518L...3G' multiply defined.


Package natbib Warning: Citation `2010PASA...27..457H' multiply defined.


Package natbib Warning: Citation `1995A&A...300..675H' multiply defined.


Package natbib Warning: Citation `1998A&ARv...8..237I' multiply defined.


Package natbib Warning: Citation `1985AJ.....90..454K' multiply defined.


Package natbib Warning: Citation `2001ApJ...554..778L' multiply defined.


Package natbib Warning: Citation `2010PASA...27..463M' multiply defined.


Package natbib Warning: Citation `2010ASPC..434..139O' multiply defined.


Package natbib Warning: Citation `2010A&A...518L...1P' multiply defined.


Package natbib Warning: Citation `2010A&A...518L...2P' multiply defined.


Package natbib Warning: Citation `1992ApJ...391..121Q' multiply defined.


Package natbib Warning: Citation `2006ApJ...645.1092Q' multiply defined.


Package natbib Warning: Citation `1994ApJ...423L.101S' multiply defined.


Package natbib Warning: Citation `1988A&A...207....1S' multiply defined.


Package natbib Warning: Citation `2010A&A...515A..67S' multiply defined.


Package natbib Warning: Citation `1990AJ.....99.1781V' multiply defined.


Package natbib Warning: Citation `2010ApJ...725..100W' multiply defined.


Package natbib Warning: Citation `2009ApJ...693.1736W' multiply defined.


Package natbib Warning: Citation `2004A&A...416...41X' multiply defined.


Package natbib Warning: Citation `2011MNRAS.414..940Y' multiply defined.


Package natbib Warning: Citation `2004ApJS..152..211Z' multiply defined.

) (./Ch3/ch3.aux

Package natbib Warning: Citation `2005ApJ...633..871C' multiply defined.


Package natbib Warning: Citation `2012A&A...548A..20C' multiply defined.


Package natbib Warning: Citation `1985ApJ...291..755C' multiply defined.


Package natbib Warning: Citation `2007ApJ...657..810D' multiply defined.


Package natbib Warning: Citation `2007ApJ...663..866D' multiply defined.


Package natbib Warning: Citation `2010A&A...518L...3G' multiply defined.


Package natbib Warning: Citation `1997ApJS..112..315H' multiply defined.


Package natbib Warning: Citation `1991ApJ...377..192H' multiply defined.


Package natbib Warning: Citation `2006ApJ...644..283K' multiply defined.


Package natbib Warning: Citation `1999ApJ...527..795K' multiply defined.


Package natbib Warning: Citation `2003PASP..115..928K' multiply defined.


Package natbib Warning: Citation `2012A&A...548A..91L' multiply defined.


Package natbib Warning: Citation `2003ApJ...594..758L' multiply defined.


Package natbib Warning: Citation `1998ApJ...504L..11L' multiply defined.


Package natbib Warning: Citation `2001ApJ...561..766M' multiply defined.


Package natbib Warning: Citation `1983A&A...128..212M' multiply defined.


Package natbib Warning: Citation `2012ApJ...755..165M' multiply defined.


Package natbib Warning: Citation `2001A&A...375..566N' multiply defined.


Package natbib Warning: Citation `2010ASPC..434..139O' multiply defined.


Package natbib Warning: Citation `2010A&A...518L...1P' multiply defined.


Package natbib Warning: Citation `2010A&A...518L...2P' multiply defined.


Package natbib Warning: Citation `2006A&A...451..917R' multiply defined.


Package natbib Warning: Citation `1985ApJS...57..349R' multiply defined.


Package natbib Warning: Citation `1985ApJ...291..722T' multiply defined.


Package natbib Warning: Citation `2009AstL...35..599T' multiply defined.


Package natbib Warning: Citation `1990ApJ...358..116W' multiply defined.


Package natbib Warning: Citation `2004ApJS..152..211Z' multiply defined.

) (./Ch4/ch4.aux

Package natbib Warning: Citation `2009ApJ...701.1147A' multiply defined.


Package natbib Warning: Citation `2011PASP..123.1218A' multiply defined.


Package natbib Warning: Citation `2012MNRAS.423..197B' multiply defined.


Package natbib Warning: Citation `1992ApJS...80..425B' multiply defined.


Package natbib Warning: Citation `2012A&A...544A..55B' multiply defined.


Package natbib Warning: Citation `2008ApJS..178..280B' multiply defined.


Package natbib Warning: Citation `1997A&AS..121...11C' multiply defined.


Package natbib Warning: Citation `2002AJ....124..751C' multiply defined.


Package natbib Warning: Citation `2013A&A...549A.118C' multiply defined.


Package natbib Warning: Citation `1985ApJ...291..755C' multiply defined.


Package natbib Warning: Citation `2012ApJ...747...81C' multiply defined.


Package natbib Warning: Citation `1990ApJ...363..451E' multiply defined.


Package natbib Warning: Citation `2011ApJ...740L..29F' multiply defined.


Package natbib Warning: Citation `1997A&AS..123..159G' multiply defined.


Package natbib Warning: Citation `1998A&AS..131..499G' multiply defined.


Package natbib Warning: Citation `2008A&A...479..703G' multiply defined.


Package natbib Warning: Citation `2011ApJ...728L...7G' multiply defined.


Package natbib Warning: Citation `2010A&A...518L...3G' multiply defined.


Package natbib Warning: Citation `2004ApJS..153....9G' multiply defined.


Package natbib Warning: Citation `1968BAN....19..421H' multiply defined.


Package natbib Warning: Citation `2010PASA...27..457H' multiply defined.


Package natbib Warning: Citation `1997ApJS..112..315H' multiply defined.


Package natbib Warning: Citation `1989ApJ...342..306H' multiply defined.


Package natbib Warning: Citation `1991ApJ...377..192H' multiply defined.


Package natbib Warning: Citation `2004MNRAS.348.1275H' multiply defined.


Package natbib Warning: Citation `1998A&ARv...8..237I' multiply defined.


Package natbib Warning: Citation `2006ApJ...644..283K' multiply defined.


Package natbib Warning: Citation `1999ApJ...527..795K' multiply defined.


Package natbib Warning: Citation `1998ApJ...498..541K' multiply defined.


Package natbib Warning: Citation `2007ApJ...671..333K' multiply defined.


Package natbib Warning: Citation `2005A&A...441..961K' multiply defined.


Package natbib Warning: Citation `2006ApJS..164..506L' multiply defined.


Package natbib Warning: Citation `2012A&A...548A..91L' multiply defined.


Package natbib Warning: Citation `2002ApJ...565..131L' multiply defined.


Package natbib Warning: Citation `1997ApJ...482..298L' multiply defined.


Package natbib Warning: Citation `2003ApJ...594..758L' multiply defined.


Package natbib Warning: Citation `1998ApJ...504L..11L' multiply defined.


Package natbib Warning: Citation `2001ApJ...561..766M' multiply defined.


Package natbib Warning: Citation `2011A&A...532A.152M' multiply defined.


Package natbib Warning: Citation `2010PASA...27..463M' multiply defined.


Package natbib Warning: Citation `2008A&A...485L...5M' multiply defined.


Package natbib Warning: Citation `2001A&A...375..566N' multiply defined.


Package natbib Warning: Citation `2006ApJ...652L.125O' multiply defined.


Package natbib Warning: Citation `2010ASPC..434..139O' multiply defined.


Package natbib Warning: Citation `1987ApJ...322L..73P' multiply defined.


Package natbib Warning: Citation `2010A&A...518L...1P' multiply defined.


Package natbib Warning: Citation `2010A&A...518L...2P' multiply defined.


Package natbib Warning: Citation `2006ApJ...645.1092Q' multiply defined.


Package natbib Warning: Citation `1992ApJ...391..121Q' multiply defined.


Package natbib Warning: Citation `2006A&A...451..917R' multiply defined.


Package natbib Warning: Citation `1985ApJS...57..349R' multiply defined.


Package natbib Warning: Citation `1993A&A...270L..13R' multiply defined.


Package natbib Warning: Citation `1996ARA&A..34..279S' multiply defined.


Package natbib Warning: Citation `1991ApJ...373..423S' multiply defined.


Package natbib Warning: Citation `1993ApJ...404..219S' multiply defined.


Package natbib Warning: Citation `1985ApJ...289..803S' multiply defined.


Package natbib Warning: Citation `1989ApJ...338..197S' multiply defined.


Package natbib Warning: Citation `1995ApJS...99..565S' multiply defined.


Package natbib Warning: Citation `2000A&A...358..682S' multiply defined.


Package natbib Warning: Citation `1988A&A...207....1S' multiply defined.


Package natbib Warning: Citation `2010A&A...515A..67S' multiply defined.


Package natbib Warning: Citation `1985ApJ...291..722T' multiply defined.


Package natbib Warning: Citation `1996ApJ...460..914V' multiply defined.


Package natbib Warning: Citation `1986ApJS...62..109V' multiply defined.


Package natbib Warning: Citation `1988ApJ...334..771V' multiply defined.


Package natbib Warning: Citation `2008A&A...490...77W' multiply defined.


Package natbib Warning: Citation `2010ApJ...725..100W' multiply defined.


Package natbib Warning: Citation `2009ApJ...693.1736W' multiply defined.


Package natbib Warning: Citation `1990ApJ...358..116W' multiply defined.


Package natbib Warning: Citation `2011MNRAS.414..940Y' multiply defined.

) (./Ch5/ch5.aux

Package natbib Warning: Citation `2012ApJ...747...81C' multiply defined.


Package natbib Warning: Citation `1991trcb.book.....D' multiply defined.


Package natbib Warning: Citation `2012A&A...548A..91L' multiply defined.


Package natbib Warning: Citation `2010A&A...515A..67S' multiply defined.


Package natbib Warning: Citation `1985ApJ...291..722T' multiply defined.

))
\openout1 = `thesis_tjp.aux'.

LaTeX Font Info:    Checking defaults for OML/cmm/m/it on input line 175.
LaTeX Font Info:    ... okay on input line 175.
LaTeX Font Info:    Checking defaults for T1/cmr/m/n on input line 175.
LaTeX Font Info:    ... okay on input line 175.
LaTeX Font Info:    Checking defaults for OT1/cmr/m/n on input line 175.
LaTeX Font Info:    ... okay on input line 175.
LaTeX Font Info:    Checking defaults for OMS/cmsy/m/n on input line 175.
LaTeX Font Info:    ... okay on input line 175.
LaTeX Font Info:    Checking defaults for OMX/cmex/m/n on input line 175.
LaTeX Font Info:    ... okay on input line 175.
LaTeX Font Info:    Checking defaults for U/cmr/m/n on input line 175.
LaTeX Font Info:    ... okay on input line 175.
LaTeX Font Info:    Try loading font information for OT1+ptm on input line 175.

 (/usr/local/texlive/2010/texmf-dist/tex/latex/psnfss/ot1ptm.fd
File: ot1ptm.fd 2001/06/04 font definitions for OT1/ptm.
)
Package caption Info: Begin \AtBeginDocument code.
Package caption3 Info: subfig package 1.2 or 1.3 is loaded.
LaTeX Info: Redefining \subref on input line 175.
Package caption Info: End \AtBeginDocument code.
 [1


]
LaTeX Font Info:    Font shape `OT1/ptm/bx/n' in size <12> not available
(Font)              Font shape `OT1/ptm/b/n' tried instead on input line 213.
LaTeX Font Info:    Try loading font information for OMS+ptm on input line 213.


(/usr/local/texlive/2010/texmf-dist/tex/latex/psnfss/omsptm.fd
File: omsptm.fd 
)
LaTeX Font Info:    Font shape `OMS/ptm/m/n' in size <12> not available
(Font)              Font shape `OMS/cmsy/m/n' tried instead on input line 213.
 [1]
(./SupplementaryMaterial/DescriptiveNote.tex
Underfull \hbox (badness 10000) in paragraph at lines 12--17

 []


Underfull \hbox (badness 10000) in paragraph at lines 12--17

 []


Underfull \hbox (badness 10000) in paragraph at lines 12--17

 []

) [2] (./SupplementaryMaterial/Abstract.tex
LaTeX Font Info:    Font shape `OT1/ptm/bx/n' in size <24.88> not available
(Font)              Font shape `OT1/ptm/b/n' tried instead on input line 4.
LaTeX Font Info:    Try loading font information for OT1+phv on input line 4.

(/usr/local/texlive/2010/texmf-dist/tex/latex/psnfss/ot1phv.fd
File: ot1phv.fd 2001/06/04 scalable font definitions for OT1/phv.
)
LaTeX Font Info:    Font shape `OT1/phv/bx/n' in size <24.88> not available
(Font)              Font shape `OT1/phv/b/n' tried instead on input line 4.

Underfull \hbox (badness 10000) in paragraph at lines 3--5

 []


Underfull \hbox (badness 10000) in paragraph at lines 3--5

 []


Underfull \hbox (badness 10000) in paragraph at lines 3--5

 []

LaTeX Font Info:    External font `cmex7' loaded for size
(Font)              <6> on input line 6.
LaTeX Font Info:    Try loading font information for U+msa on input line 6.
(/usr/local/texlive/2010/texmf-dist/tex/latex/amsfonts/umsa.fd
File: umsa.fd 2009/06/22 v3.00 AMS symbols A
)
LaTeX Font Info:    Try loading font information for U+msb on input line 6.

(/usr/local/texlive/2010/texmf-dist/tex/latex/amsfonts/umsb.fd
File: umsb.fd 2009/06/22 v3.00 AMS symbols B
)
Overfull \hbox (7.16411pt too wide) in paragraph at lines 8--9
\OT1/ptm/m/n/12 with Cen A shows for the first time that a large frac-tion of t
he ob-served [C \OT1/ptm/m/sc/12 ii\OT1/ptm/m/n/12 ](158 $\OML/cmm/m/it/12 ^^V$
\OT1/ptm/m/n/12 m)
 []

[3]) [4] (./SupplementaryMaterial/Dedication.tex
LaTeX Font Info:    Font shape `OT1/phv/m/it' in size <20.74> not available
(Font)              Font shape `OT1/phv/m/sl' tried instead on input line 9.

Underfull \hbox (badness 10000) in paragraph at lines 9--10

 []

) [5

] (./SupplementaryMaterial/Co-Authorship.tex
Underfull \hbox (badness 10000) in paragraph at lines 3--5

 []


Underfull \hbox (badness 10000) in paragraph at lines 3--5

 []


Underfull \hbox (badness 10000) in paragraph at lines 3--5

 []

[6] [7]) (./SupplementaryMaterial/Acknowledgments.tex
Underfull \hbox (badness 10000) in paragraph at lines 3--5

 []


Underfull \hbox (badness 10000) in paragraph at lines 3--5

 []


Underfull \hbox (badness 10000) in paragraph at lines 3--5

 []

[8]) (./SupplementaryMaterial/Epigraph.tex [9] [10] [11]) [12]
(./thesis_tjp.toc
Overfull \hbox (3.4076pt too wide) detected at line 5
 \OT1/ptm/b/n/12 xviii
 []


Overfull \hbox (33.31482pt too wide) detected at line 7
\OT1/ptm/b/n/12 Chapter 1 
 []

[13

]
Overfull \hbox (33.31482pt too wide) detected at line 23
\OT1/ptm/b/n/12 Chapter 2 
 []


Overfull \hbox (33.31482pt too wide) detected at line 39
\OT1/ptm/b/n/12 Chapter 3 
 []

LaTeX Font Info:    Font shape `OT1/ptm/bx/it' in size <12> not available
(Font)              Font shape `OT1/ptm/b/it' tried instead on input line 39.

Overfull \hbox (33.31482pt too wide) detected at line 58
\OT1/ptm/b/n/12 Chapter 4 
 []

[14]
Overfull \hbox (33.31482pt too wide) detected at line 78
\OT1/ptm/b/n/12 Chapter 5 
 []

)
\tf@toc=\write3
\openout3 = `thesis_tjp.toc'.

 [15] (./thesis_tjp.lof [16


])
\tf@lof=\write4
\openout4 = `thesis_tjp.lof'.

 [17] (./thesis_tjp.lot)
\tf@lot=\write5
\openout5 = `thesis_tjp.lot'.

 [18


]
(./SupplementaryMaterial/ListOfSymbols.tex
Underfull \hbox (badness 10000) in paragraph at lines 3--5

 []


Underfull \hbox (badness 10000) in paragraph at lines 3--5

 []

LaTeX Font Info:    Font shape `OT1/phv/bx/n' in size <12> not available
(Font)              Font shape `OT1/phv/b/n' tried instead on input line 6.
[19


]) [20]
\openout2 = `Ch1/ch1.aux'.

 (./Ch1/ch1.tex
Chapter 1.
[1



]
File: ch1/M51_SED_Mentuch2012.eps Graphic file (type eps)
 <ch1/M51_SED_Mentuch2012.eps>

LaTeX Warning: `!h' float specifier changed to `!ht'.

[2] [3]
File: ch1/Holland2013_transmission_plot.eps Graphic file (type eps)
 <ch1/Holland2013_transmission_plot.eps>

LaTeX Warning: `!h' float specifier changed to `!ht'.

LaTeX Font Info:    Font shape `OT1/ptm/bx/n' in size <17.28> not available
(Font)              Font shape `OT1/ptm/b/n' tried instead on input line 40.
[4]
LaTeX Font Info:    Font shape `OT1/ptm/bx/n' in size <14.4> not available
(Font)              Font shape `OT1/ptm/b/n' tried instead on input line 43.
 [5] [6]
File: ch1/molecular_cloud_schematic.eps Graphic file (type eps)
 <ch1/molecular_cloud_schematic.eps>

LaTeX Warning: `!h' float specifier changed to `!ht'.

[7] [8]
LaTeX Font Info:    Font shape `OT1/ptm/bx/sc' in size <12> not available
(Font)              Font shape `OT1/ptm/b/sc' tried instead on input line 71.
 [9]
File: ch1/cooling_line_schematic.eps Graphic file (type eps)
 <ch1/cooling_line_schematic.eps> [10] [11] [12] [13] [14] [15]
[16] [17] [18] [19] [20]
Overfull \hbox (1.01076pt too wide) in paragraph at lines 138--139
[]\OT1/ptm/m/n/12 Striving to pro-duce in-creas-ingly higher res-o-lu-tion im-a
ges of ev-ery-thing from
 []

[21] [22]
Page 1 of table 1.1 has been set to width 572.81795pt with 15 lines per page 
[23]
Table 1.1 has been set to width 548.12047pt
[24] [25



] [26]
File: ch1/M51_line_CII157.eps Graphic file (type eps)
 <ch1/M51_line_CII157.eps>

LaTeX Warning: `!h' float specifier changed to `!ht'.

[27] [28]
File: ch1/M51_raster1_11.eps Graphic file (type eps)
 <ch1/M51_raster1_11.eps> [29] [30] [31] [32] [33

] [34] [35] [36]
[37] [38] [39] [40]) [41]
\openout2 = `Ch2/ch2.aux'.

 (./Ch2/ch2.tex
Chapter 2.
[42



] [43] [44] [45]
LaTeX Font Info:    Font shape `OT1/ptm/bx/it' in size <14.4> not available
(Font)              Font shape `OT1/ptm/b/it' tried instead on input line 95.

Overfull \hbox (3.60158pt too wide) in paragraph at lines 96--97
\OT1/ptm/m/n/12 1342188856), and SPIRE pho-tometry at 250, 350 and 500 $\OML/cm
m/m/it/12 ^^V$\OT1/ptm/m/n/12 m (OBS-ID 1342188663)
 []

[46]
LaTeX Font Info:    External font `cmex7' loaded for size
(Font)              <7> on input line 106.
LaTeX Font Info:    External font `cmex7' loaded for size
(Font)              <5> on input line 106.
 [47] [48


] [49]
File: ch2/Fig1a_CenA_70mu.eps Graphic file (type eps)
 <ch2/Fig1a_CenA_70mu.eps>
File: ch2/Fig1b_CenA_160mu.eps Graphic file (type eps)
 <ch2/Fig1b_CenA_160mu.eps>
Underfull \hbox (badness 10000) in paragraph at lines 129--131

 []


LaTeX Warning: Float too large for page by 9.99747pt on input line 133.

File: ch2/Fig1c_CenA_250mu.eps Graphic file (type eps)
<ch2/Fig1c_CenA_250mu.eps>
File: ch2/Fig1d_CenA_350mu.eps Graphic file (type eps)
 <ch2/Fig1d_CenA_350mu.eps>
Underfull \hbox (badness 10000) in paragraph at lines 136--138

 []

File: ch2/Fig1e_CenA_500mu.eps Graphic file (type eps)
<ch2/Fig1e_CenA_500mu.eps> [50] [51] [52] [53] [54]
File: ch2/Fig2_CenA_gas_obs.eps Graphic file (type eps)

<ch2/Fig2_CenA_gas_obs.eps> [55] [56]
File: ch2/Fig3a_CenA_example_SED.eps Graphic file (type eps)
 <ch2/Fig3a_CenA_example_SED.eps>
File: ch2/Fig3b_CenA_global_sed.eps Graphic file (type eps)

<ch2/Fig3b_CenA_global_sed.eps> [57]
File: ch2/Fig4_CenA_temp_map.eps Graphic file (type eps)
 <ch2/Fig4_CenA_temp_map.eps> [58] [59]
[60]
File: ch2/Fig5_CenA_dust_mass.eps Graphic file (type eps)
 <ch2/Fig5_CenA_dust_mass.eps> [61] [62]
File: ch2/Fig6_CenA_tot_gas_mass.eps Graphic file (type eps)
 <ch2/Fig6_CenA_tot_gas_mass.eps>
File: ch2/Fig7_CenA_G2D.eps Graphic file (type eps)

<ch2/Fig7_CenA_G2D.eps> [63] [64]
File: ch2/Fig8_CenA_G2D_radial_plot.eps Graphic file (type eps)
 <ch2/Fig8_CenA_G2D_radial_plot.eps> [65]
[66] [67] [68] [69] [70] [71] [72] [73

] [74] [75] [76] [77]) [78]
\openout2 = `Ch3/ch3.aux'.


(./Ch3/ch3.tex
Chapter 3.
LaTeX Font Info:    Font shape `OT1/phv/bx/it' in size <24.88> not available
(Font)              Font shape `OT1/phv/b/it' tried instead on input line 13.
LaTeX Font Info:    Font shape `OT1/phv/b/it' in size <24.88> not available
(Font)              Font shape `OT1/phv/b/sl' tried instead on input line 13.
[79



] [80] [81] [82] [83]
LaTeX Font Info:    Font shape `OT1/ptm/bx/it' in size <17.28> not available
(Font)              Font shape `OT1/ptm/b/it' tried instead on input line 70.
 [84] [85]
Table 3.1 has been set to width 442.44554pt
[86]
Overfull \hbox (5.67223pt too wide) in paragraph at lines 117--118
[]\OT1/ptm/m/n/12 The \OT1/ptm/m/it/12 Her-schel \OT1/ptm/m/n/12 FTS ob-ser-va-
tion of the [N\OT1/ptm/m/sc/12 ii\OT1/ptm/m/n/12 ](205 $\OML/cmm/m/it/12 ^^V$\O
T1/ptm/m/n/12 m) line (here-after [N\OT1/ptm/m/sc/12 ii\OT1/ptm/m/n/12 ]205)
 []

[87


] [88]
File: ch3/Figure1.eps Graphic file (type eps)
 <ch3/Figure1.eps>

LaTeX Warning: `h' float specifier changed to `ht'.

[89] [90] [91]
File: ch3/Figure2a.eps Graphic file (type eps)
 <ch3/Figure2a.eps>
Underfull \hbox (badness 10000) in paragraph at lines 152--153

 []

File: ch3/Figure2b.eps Graphic file (type eps)
<ch3/Figure2b.eps>
Underfull \hbox (badness 10000) in paragraph at lines 158--159

 []

File: ch3/Figure2c.eps Graphic file (type eps)
<ch3/Figure2c.eps>
Underfull \hbox (badness 10000) in paragraph at lines 163--164

 []

File: ch3/Figure2d.eps Graphic file (type eps)
<ch3/Figure2d.eps>
Underfull \hbox (badness 10000) in paragraph at lines 168--169

 []

File: ch3/Figure2e.eps Graphic file (type eps)
<ch3/Figure2e.eps>
Underfull \hbox (badness 10000) in paragraph at lines 173--174

 []

File: ch3/Figure2f.eps Graphic file (type eps)
<ch3/Figure2f.eps>
Underfull \hbox (badness 10000) in paragraph at lines 178--179

 []

[92] [93] [94] [95] [96] [97] [98]
Table 3.2 has been set to width 443.38374pt
[99]
Table 3.3 has been set to width 215.78656pt
File: ch3/Figure3a.eps Graphic file (type eps)
<ch3/Figure3a.eps>
Underfull \hbox (badness 10000) in paragraph at lines 235--236

 []

File: ch3/Figure3b.eps Graphic file (type eps)
<ch3/Figure3b.eps>
Underfull \hbox (badness 10000) in paragraph at lines 241--242

 []

File: ch3/Figure3c.eps Graphic file (type eps)
<ch3/Figure3c.eps>
Underfull \hbox (badness 10000) in paragraph at lines 246--247

 []

[100


] [101] [102] [103]
Overfull \hbox (8.23427pt too wide) in paragraph at lines 252--253
[]\OT1/ptm/m/n/12 We also com-pare our re-sults to the em-pir-i-cally de-rived 
re-la-tion from Spinoglio
 []

Table 3.4 has been set to width 380.20587pt
[104] [105] [106]
File: ch3/Figure4a.eps Graphic file (type eps)
 <ch3/Figure4a.eps>
File: ch3/Figure4b.eps Graphic file (type eps)
 <ch3/Figure4b.eps> [107] [108] [109]
[110]
File: ch3/Figure5.eps Graphic file (type eps)
 <ch3/Figure5.eps> [111] [112]
Table 3.5 has been set to width 470.06131pt
[113] [114


] [115] [116]
File: ch3/Figure6.eps Graphic file (type eps)
 <ch3/Figure6.eps> [117] [118]
Table 3.6 has been set to width 558.84004pt
[119]
Overfull \hbox (16.97162pt too wide) in paragraph at lines 383--384
[]\OT1/ptm/m/n/12 In Fig-ure 3.7[](a) we show the [C\OT1/ptm/m/sc/12 ii\OT1/ptm
/m/n/12 ]/[O\OT1/ptm/m/sc/12 i\OT1/ptm/m/n/12 ]63 ra-tio ver-sus the ([C\OT1/pt
m/m/sc/12 ii\OT1/ptm/m/n/12 ]+[O\OT1/ptm/m/sc/12 i\OT1/ptm/m/n/12 ]63)/$\OML/cm
m/m/it/12 F[]$
 []


Overfull \hbox (13.64375pt too wide) in paragraph at lines 383--384
\OT1/ptm/m/n/12 ra-tio for M51 over-laid on the pa-ram-e-ter space de-fined by 
lines of con-stant log($\OML/cmm/m/it/12 n=[][]$\OT1/ptm/m/n/12 )
 []

File: ch3/Figure7a.eps Graphic file (type eps)
<ch3/Figure7a.eps>
Underfull \hbox (badness 10000) in paragraph at lines 386--387

 []

File: ch3/Figure7b.eps Graphic file (type eps)
<ch3/Figure7b.eps>
Underfull \hbox (badness 10000) in paragraph at lines 392--393

 []


Overfull \hbox (3.67245pt too wide) in paragraph at lines 396--397
\OT1/ptm/m/n/12 ram-e-ter space cov-ered by the mod-els. The [C\OT1/ptm/m/sc/12
 ii\OT1/ptm/m/n/12 ]/[O\OT1/ptm/m/sc/12 i\OT1/ptm/m/n/12 ]63 ver-sus ([C\OT1/pt
m/m/sc/12 ii\OT1/ptm/m/n/12 ]+[O\OT1/ptm/m/sc/12 i\OT1/ptm/m/n/12 ]63)/$\OML/cm
m/m/it/12 F[]$
 []

LaTeX Font Info:    Font shape `OT1/ptm/bx/n' in size <10> not available
(Font)              Font shape `OT1/ptm/b/n' tried instead on input line 398.
[120


] [121] [122]
Table 3.7 has been set to width 289.58461pt
[123] [124]
Overfull \hbox (3.00452pt too wide) in paragraph at lines 435--436
\OT1/ptm/m/n/12 Ta-ble 3.7[] agree with the range of tem-per-a-tures that we ob
-tain for the [O\OT1/ptm/m/sc/12 i\OT1/ptm/m/n/12 ]63/[O\OT1/ptm/m/sc/12 i\OT1/
ptm/m/n/12 ]145
 []

[125]
Overfull \hbox (12.86026pt too wide) in paragraph at lines 451--458
 [][] 
 []


Overfull \hbox (12.86026pt too wide) in paragraph at lines 458--458
 []$[]$ 
 []

Table 3.8 has been set to width 410.34525pt
Table 3.9 has been set to width 299.04623pt
[126] [127] [128] [129]
Overfull \hbox (8.67368pt too wide) in paragraph at lines 500--501
\OT1/ptm/m/n/12 gium), CEA/CNES (France), DLR (Ger-many), ASI/INAF (Italy), and
 CI-CYT/MCYT
 []

[130] [131] [132

] [133] [134] [135] [136]) [137]
\openout2 = `Ch4/ch4.aux'.

 (./Ch4/ch4.tex
Chapter 4.
[138



] [139]
Overfull \hbox (0.94183pt too wide) in paragraph at lines 61--62
[]\OT1/ptm/m/n/12 Fine-structure lines such as [C \OT1/ptm/m/sc/12 ii\OT1/ptm/m
/n/12 ](158 $\OML/cmm/m/it/12 ^^V$\OT1/ptm/m/n/12 m), [N \OT1/ptm/m/sc/12 ii\OT
1/ptm/m/n/12 ](122 and 205 $\OML/cmm/m/it/12 ^^V$\OT1/ptm/m/n/12 m), [O \OT1/pt
m/m/sc/12 i\OT1/ptm/m/n/12 ](63
 []

[140] [141]
File: ch4/CenA_Ftir_image_v1.eps Graphic file (type eps)
 <ch4/CenA_Ftir_image_v1.eps>
Underfull \hbox (badness 10000) in paragraph at lines 85--85
[][]\OT1/ptm/m/n/10 Available for down-load from the ESA \OT1/ptm/m/it/10 Her-s
chel \OT1/ptm/m/n/10 Sci-ence Cen-tre.
 []

[142] [143] [144]
Table 4.1 has been set to width 443.67207pt
[145] [146


] [147]
File: ch4/CenA_OI63_unconvolved_image_v1_cropped.eps Graphic file (type eps)
 <ch4/CenA_OI63_unconvolved_image_v1_cropped.eps>
Underfull \hbox (badness 10000) in paragraph at lines 138--139

 []

File: ch4/CenA_OIII88_unconvolved_image_v1_cropped.eps Graphic file (type eps)
<ch4/CenA_OIII88_unconvolved_image_v1_cropped.eps>
Underfull \hbox (badness 10000) in paragraph at lines 144--145

 []

File: ch4/CenA_NII122_unconvolved_image_v1_cropped.eps Graphic file (type eps)
<ch4/CenA_NII122_unconvolved_image_v1_cropped.eps>
Underfull \hbox (badness 10000) in paragraph at lines 149--150

 []

File: ch4/CenA_OI145_unconvolved_image_v1_cropped.eps Graphic file (type eps)
<ch4/CenA_OI145_unconvolved_image_v1_cropped.eps>
Underfull \hbox (badness 10000) in paragraph at lines 154--155

 []

File: ch4/CenA_CII157_unconvolved_image_v1_cropped.eps Graphic file (type eps)
<ch4/CenA_CII157_unconvolved_image_v1_cropped.eps>
Underfull \hbox (badness 10000) in paragraph at lines 159--160

 []

File: ch4/CenA_NII205_unconvolved_image_v1.eps Graphic file (type eps)
<ch4/CenA_NII205_unconvolved_image_v1.eps>
Underfull \hbox (badness 10000) in paragraph at lines 164--165

 []

Table 4.2 has been set to width 197.15211pt
[148] [149] [150] [151] [152] [153] [154] [155]
File: ch4/CenA_CIIonFtir_image_v1.eps Graphic file (type eps)

<ch4/CenA_CIIonFtir_image_v1.eps>
Underfull \hbox (badness 10000) in paragraph at lines 210--211

 []

File: ch4/CenA_CIIOI63onFtir_image_v1.eps Graphic file (type eps)
<ch4/CenA_CIIOI63onFtir_image_v1.eps>
Underfull \hbox (badness 10000) in paragraph at lines 216--217

 []

File: ch4/CenA_CIIonCO3-2_image.eps Graphic file (type eps)
<ch4/CenA_CIIonCO3-2_image.eps>
Underfull \hbox (badness 10000) in paragraph at lines 221--222

 []

File: ch4/CenA_CO3-2onFtir_image_v1.eps Graphic file (type eps)
<ch4/CenA_CO3-2onFtir_image_v1.eps>
Underfull \hbox (badness 10000) in paragraph at lines 226--227

 []

[156] [157] [158]
File: ch4/CenA_CIIOI63onFtir_vs_70on160_uncorrected_plot_v1.eps Graphic file (t
ype eps)
 <ch4/CenA_CIIOI63onFtir_vs_70on160_uncorrected_plot_v1.eps>
File: ch4/CenA_CIIOI63onFtir_vs_Tdust_uncorrected_plot_v1.eps Graphic file (typ
e eps)

<ch4/CenA_CIIOI63onFtir_vs_Tdust_uncorrected_plot_v1.eps> [159] [160] [161]
File: ch4/CenA_CIIonFtir_LtironMH2_plot_v1.eps Graphic file (type eps)

<ch4/CenA_CIIonFtir_LtironMH2_plot_v1.eps>
File: ch4/CenA_OIIIonFtir_LtironMH2_plot_v1.eps Graphic file (type eps)

<ch4/CenA_OIIIonFtir_LtironMH2_plot_v1.eps> [162] [163]
File: ch4/CenA_OIIIonNII_plot_v2_cropped.eps Graphic file (type eps)

<ch4/CenA_OIIIonNII_plot_v2_cropped.eps> [164] [165]
File: ch4/CenA_ion_fraction.eps Graphic file (type eps)

<ch4/CenA_ion_fraction.eps> [166] [167] [168]
File: ch4/CenA_colour_guide_cropped.eps Graphic file (type eps)

<ch4/CenA_colour_guide_cropped.eps>
Underfull \hbox (badness 10000) in paragraph at lines 303--304

 []

File: ch4/CenA_CIIOI63_vs_CIIOI63onFtir_uncorrected_plot_radial_bins_v2.eps Gra
phic file (type eps)
<ch4/CenA_CIIOI63_vs_CIIOI63onFtir_uncorrected_plot_radial_bins_v2.eps>
Underfull \hbox (badness 10000) in paragraph at lines 309--310

 []

File: ch4/CenA_CIIOI63_vs_CIIOI63onFtir_corrected_plot_radial_bins_v2.eps Graph
ic file (type eps)
<ch4/CenA_CIIOI63_vs_CIIOI63onFtir_corrected_plot_radial_bins_v2.eps>
Underfull \hbox (badness 10000) in paragraph at lines 314--315

 []

File: ch4/CenA_CIIOI145_vs_CIIOI63onFtir_corrected_plot_radial_bins_v2.eps Grap
hic file (type eps)
<ch4/CenA_CIIOI145_vs_CIIOI63onFtir_corrected_plot_radial_bins_v2.eps>
Underfull \hbox (badness 10000) in paragraph at lines 319--320

 []

Table 4.3 has been set to width 328.66505pt
[169] [170] [171] [172] [173] [174] [175] [176] [177] [178] [179]
Overfull \hbox (16.21828pt too wide) in paragraph at lines 418--419
[]\OT1/ptm/m/n/12 Next, we com-pare the mean val-ues of the [C \OT1/ptm/m/sc/12
 ii\OT1/ptm/m/n/12 ]/[O \OT1/ptm/m/sc/12 i\OT1/ptm/m/n/12 ]$[]$ and ([C \OT1/pt
m/m/sc/12 ii\OT1/ptm/m/n/12 ]+[O \OT1/ptm/m/sc/12 i\OT1/ptm/m/n/12 ]$[]$)/$\OML
/cmm/m/it/12 F[]$
 []

[180]
File: ch4/CenA_CIIOI63_vs_CIIOI63onFtir_corrected_plot_radial_bins_wM51overlay_
v2.eps Graphic file (type eps)

<ch4/CenA_CIIOI63_vs_CIIOI63onFtir_corrected_plot_radial_bins_wM51overlay_v2.ep
s> [181] [182] [183] [184] [185

] [186] [187] [188] [189]) [190]
\openout2 = `Ch5/ch5.aux'.

 (./Ch5/ch5.tex
Chapter 5.
[191



] [192] [193] [194] [195] [196] [197

]) [198]

Package natbib Warning: There were multiply defined citations.

(./thesis_tjp.aux (./Ch1/ch1.aux

Package natbib Warning: Citation(s) may have changed.
(natbib)                Rerun to get citations correct.

) (./Ch2/ch2.aux) (./Ch3/ch3.aux) (./Ch4/ch4.aux) (./Ch5/ch5.aux)) )
(\end occurred inside a group at level 1)

### simple group (level 1) entered at line 276 ({)
### bottom level 
Here is how much of TeX's memory you used:
 5448 strings out of 493748
 77812 string characters out of 3143569
 186932 words of memory out of 3000000
 8495 multiletter control sequences out of 15000+200000
 36248 words of font info for 99 fonts, out of 3000000 for 9000
 714 hyphenation exceptions out of 8191
 44i,18n,47p,2707b,643s stack positions out of 5000i,500n,10000p,200000b,50000s

Output written on thesis_tjp.dvi (219 pages, 520192 bytes).
